e:\annealing\annealing\annealing\x64\debug\vc140.pdb
e:\annealing\annealing\annealing\x64\debug\vc140.idb
e:\annealing\annealing\annealing\x64\debug\annealing.obj
e:\annealing\annealing\annealing\x64\debug\factory_utility.obj
e:\annealing\annealing\annealing\x64\debug\order.obj
e:\annealing\annealing\annealing\x64\debug\part.obj
e:\annealing\annealing\annealing\x64\debug\resource.obj
e:\annealing\annealing\annealing\x64\debug\simulated_annealing.obj
e:\annealing\annealing\annealing\x64\debug\unit.obj
e:\annealing\annealing\x64\debug\annealing.pdb
e:\annealing\annealing\annealing\x64\debug\annealing.tlog\cl.command.1.tlog
e:\annealing\annealing\annealing\x64\debug\annealing.tlog\cl.read.1.tlog
e:\annealing\annealing\annealing\x64\debug\annealing.tlog\cl.write.1.tlog
e:\annealing\annealing\annealing\x64\debug\annealing.tlog\link-cvtres.read.1.tlog
e:\annealing\annealing\annealing\x64\debug\annealing.tlog\link-cvtres.write.1.tlog
e:\annealing\annealing\annealing\x64\debug\annealing.tlog\link-rc.read.1.tlog
e:\annealing\annealing\annealing\x64\debug\annealing.tlog\link-rc.write.1.tlog
e:\annealing\annealing\annealing\x64\debug\annealing.tlog\link.command.1.tlog
e:\annealing\annealing\annealing\x64\debug\annealing.tlog\link.read.1.tlog
e:\annealing\annealing\annealing\x64\debug\annealing.tlog\link.write.1.tlog
